<?xml version="1.0" encoding="UTF-8"?>
<testng-results skipped="0" failed="1" ignored="0" total="1" passed="0">
  <reporter-output>
  </reporter-output>
  <suite name="Default suite" duration-ms="10505" started-at="2022-04-12T17:04:59Z" finished-at="2022-04-12T17:05:09Z">
    <groups>
    </groups>
    <test name="Default test" duration-ms="10505" started-at="2022-04-12T17:04:59Z" finished-at="2022-04-12T17:05:09Z">
      <class name="selenium.test.nexxvali.FunWithTestNgAnnogations">
        <test-method status="PASS" signature="launchBrowser()[pri:0, instance:selenium.test.nexxvali.FunWithTestNgAnnogations@59ec2012]" name="launchBrowser" is-config="true" duration-ms="9359" started-at="2022-04-12T12:04:59Z" finished-at="2022-04-12T12:05:08Z">
          <reporter-output>
          </reporter-output>
        </test-method> <!-- launchBrowser -->
        <test-method status="FAIL" signature="clickOnAboutUs()[pri:0, instance:selenium.test.nexxvali.FunWithTestNgAnnogations@59ec2012]" name="clickOnAboutUs" duration-ms="759" started-at="2022-04-12T12:05:08Z" finished-at="2022-04-12T12:05:09Z">
          <exception class="java.lang.AssertionError">
            <message>
              <![CDATA[expected [About Us Nexxvali] but found [About Us – Nexxvali]]]>
            </message>
            <full-stacktrace>
              <![CDATA[java.lang.AssertionError: expected [About Us Nexxvali] but found [About Us – Nexxvali]
	at org.testng.Assert.fail(Assert.java:93)
	at org.testng.Assert.failNotEquals(Assert.java:512)
	at org.testng.Assert.assertEqualsImpl(Assert.java:134)
	at org.testng.Assert.assertEquals(Assert.java:115)
	at org.testng.Assert.assertEquals(Assert.java:189)
	at org.testng.Assert.assertEquals(Assert.java:199)
	at selenium.test.nexxvali.FunWithTestNgAnnogations.clickOnAboutUs(FunWithTestNgAnnogations.java:36)
	at sun.reflect.NativeMethodAccessorImpl.invoke0(Native Method)
	at sun.reflect.NativeMethodAccessorImpl.invoke(NativeMethodAccessorImpl.java:62)
	at sun.reflect.DelegatingMethodAccessorImpl.invoke(DelegatingMethodAccessorImpl.java:43)
	at java.lang.reflect.Method.invoke(Method.java:498)
	at org.testng.internal.MethodInvocationHelper.invokeMethod(MethodInvocationHelper.java:108)
	at org.testng.internal.Invoker.invokeMethod(Invoker.java:661)
	at org.testng.internal.Invoker.invokeTestMethod(Invoker.java:869)
	at org.testng.internal.Invoker.invokeTestMethods(Invoker.java:1193)
	at org.testng.internal.TestMethodWorker.invokeTestMethods(TestMethodWorker.java:126)
	at org.testng.internal.TestMethodWorker.run(TestMethodWorker.java:109)
	at org.testng.TestRunner.privateRun(TestRunner.java:744)
	at org.testng.TestRunner.run(TestRunner.java:602)
	at org.testng.SuiteRunner.runTest(SuiteRunner.java:380)
	at org.testng.SuiteRunner.runSequentially(SuiteRunner.java:375)
	at org.testng.SuiteRunner.privateRun(SuiteRunner.java:340)
	at org.testng.SuiteRunner.run(SuiteRunner.java:289)
	at org.testng.SuiteRunnerWorker.runSuite(SuiteRunnerWorker.java:52)
	at org.testng.SuiteRunnerWorker.run(SuiteRunnerWorker.java:86)
	at org.testng.TestNG.runSuitesSequentially(TestNG.java:1301)
	at org.testng.TestNG.runSuitesLocally(TestNG.java:1226)
	at org.testng.TestNG.runSuites(TestNG.java:1144)
	at org.testng.TestNG.run(TestNG.java:1115)
	at org.testng.remote.AbstractRemoteTestNG.run(AbstractRemoteTestNG.java:132)
	at org.testng.remote.RemoteTestNG.initAndRun(RemoteTestNG.java:230)
	at org.testng.remote.RemoteTestNG.main(RemoteTestNG.java:76)
]]>
            </full-stacktrace>
          </exception> <!-- java.lang.AssertionError -->
          <reporter-output>
          </reporter-output>
        </test-method> <!-- clickOnAboutUs -->
        <test-method status="PASS" signature="terminateBrowser()[pri:0, instance:selenium.test.nexxvali.FunWithTestNgAnnogations@59ec2012]" name="terminateBrowser" is-config="true" duration-ms="249" started-at="2022-04-12T12:05:09Z" finished-at="2022-04-12T12:05:09Z">
          <reporter-output>
          </reporter-output>
        </test-method> <!-- terminateBrowser -->
      </class> <!-- selenium.test.nexxvali.FunWithTestNgAnnogations -->
    </test> <!-- Default test -->
  </suite> <!-- Default suite -->
</testng-results>
